[moonarch.app/index.html]
[backblue.gif]
[fade.gif]
[index.html]
[moonarch.app/index.html]
[fonts.googleapis.com/cssea2c]
[moonarch.app/site3860.webmanifest]
[moonarch.app/twittercard.png]
[moonarch.app/favicon-32x323860.png]
[moonarch.app/apple-touch-icon3860.png]
[moonarch.app/favicon-16x163860.png]
[moonarch.app/css/index.dd0591f5.css]
[moonarch.app/js/index.c7fb685e.js]
[moonarch.app/favicon3860.ico]
[moonarch.app/safari-pinned-tab3860.svg]
[moonarch.app/css/index.dd0591f5.css]
[moonarch.app/img/AVAX.bcfbb162.png]
[moonarch.app/img/SOL.0a476a8d.png]
[moonarch.app/img/banner.5e97f312.webp]
[moonarch.app/js/index-legacy.46c0d5f1.js]
